0 info it worked if it ends with ok
1 verbose cli [ 'C:\\Program Files\\nodejs\\node.exe',
1 verbose cli   'C:\\Users\\mdean\\AppData\\Roaming\\npm\\node_modules\\npm\\bin\\npm-cli.js',
1 verbose cli   'run',
1 verbose cli   './node_modules/jest/bin/jest.js',
1 verbose cli   '--no-cache' ]
2 info using npm@6.0.1
3 info using node@v8.9.1
4 verbose stack Error: missing script: ./node_modules/jest/bin/jest.js
4 verbose stack     at run (C:\Users\mdean\AppData\Roaming\npm\node_modules\npm\lib\run-script.js:151:19)
4 verbose stack     at C:\Users\mdean\AppData\Roaming\npm\node_modules\npm\lib\run-script.js:61:5
4 verbose stack     at C:\Users\mdean\AppData\Roaming\npm\node_modules\npm\node_modules\read-package-json\read-json.js:115:5
4 verbose stack     at C:\Users\mdean\AppData\Roaming\npm\node_modules\npm\node_modules\read-package-json\read-json.js:418:5
4 verbose stack     at checkBinReferences_ (C:\Users\mdean\AppData\Roaming\npm\node_modules\npm\node_modules\read-package-json\read-json.js:373:45)
4 verbose stack     at final (C:\Users\mdean\AppData\Roaming\npm\node_modules\npm\node_modules\read-package-json\read-json.js:416:3)
4 verbose stack     at then (C:\Users\mdean\AppData\Roaming\npm\node_modules\npm\node_modules\read-package-json\read-json.js:160:5)
4 verbose stack     at C:\Users\mdean\AppData\Roaming\npm\node_modules\npm\node_modules\read-package-json\read-json.js:364:12
4 verbose stack     at C:\Users\mdean\AppData\Roaming\npm\node_modules\npm\node_modules\graceful-fs\graceful-fs.js:78:16
4 verbose stack     at FSReqWrap.readFileAfterClose [as oncomplete] (fs.js:511:3)
5 verbose cwd C:\Users\mdean\ops
6 verbose Windows_NT 10.0.17134
7 verbose argv "C:\\Program Files\\nodejs\\node.exe" "C:\\Users\\mdean\\AppData\\Roaming\\npm\\node_modules\\npm\\bin\\npm-cli.js" "run" "./node_modules/jest/bin/jest.js" "--no-cache"
8 verbose node v8.9.1
9 verbose npm  v6.0.1
10 error missing script: ./node_modules/jest/bin/jest.js
11 verbose exit [ 1, true ]
